\BOOKMARK [1][-]{section.1}{\376\377\000I\000n\000t\000r\000o\000d\000u\000c\000c\000i\000o\000n}{}% 1
\BOOKMARK [1][-]{section.2}{\376\377\000O\000b\000j\000e\000t\000i\000v\000o\000s}{}% 2
\BOOKMARK [1][-]{section.3}{\376\377\000E\000s\000t\000r\000u\000c\000t\000u\000r\000a\000s\000\040\000d\000e\000\040\000d\000a\000t\000o\000s}{}% 3
\BOOKMARK [2][-]{subsection.3.1}{\376\377\000L\000i\000s\000t\000a\000\040\000e\000n\000l\000a\000z\000a\000d\000a}{section.3}% 4
\BOOKMARK [3][-]{subsubsection.3.1.1}{\376\377\000N\000o\000d\000o}{subsection.3.1}% 5
\BOOKMARK [2][-]{subsection.3.2}{\376\377\000A\000r\000b\000o\000l\000e\000s}{section.3}% 6
\BOOKMARK [3][-]{subsubsection.3.2.1}{\376\377\000A\000r\000b\000o\000l\000\040\0004\000-\000a\000r\000i\000o\000\040\000\050\000T\000r\000i\000e\000\051}{subsection.3.2}% 7
\BOOKMARK [1][-]{section.4}{\376\377\000I\000m\000p\000l\000e\000m\000e\000n\000t\000a\000c\000i\000o\000n\000\040\000d\000e\000\040\000c\000o\000m\000a\000n\000d\000o\000s}{}% 8
\BOOKMARK [2][-]{subsection.4.1}{\376\377\000b\000i\000o\000\040\000s\000t\000a\000r\000t\000\040\000m}{section.4}% 9
\BOOKMARK [2][-]{subsection.4.2}{\376\377\000b\000i\000o\000\040\000r\000e\000a\000d\000\040\000a\000r\000c\000h\000i\000v\000o\000.\000t\000x\000t}{section.4}% 10
\BOOKMARK [2][-]{subsection.4.3}{\376\377\000b\000i\000o\000\040\000s\000e\000a\000r\000c\000h\000\040\000X\000X}{section.4}% 11
\BOOKMARK [2][-]{subsection.4.4}{\376\377\000b\000i\000o\000\040\000m\000a\000x\000,\000\040\000b\000i\000o\000\040\000m\000i\000n\000,\000\040\000b\000i\000o\000\040\000a\000l\000l}{section.4}% 12
\BOOKMARK [3][-]{subsubsection.4.4.1}{\376\377\000b\000i\000o\000\040\000m\000a\000x}{subsection.4.4}% 13
\BOOKMARK [3][-]{subsubsection.4.4.2}{\376\377\000b\000i\000o\000\040\000m\000i\000n}{subsection.4.4}% 14
\BOOKMARK [3][-]{subsubsection.4.4.3}{\376\377\000b\000i\000o\000\040\000a\000l\000l}{subsection.4.4}% 15
\BOOKMARK [2][-]{subsection.4.5}{\376\377\000b\000i\000o\000\040\000e\000x\000i\000t}{section.4}% 16
\BOOKMARK [2][-]{subsection.4.6}{\376\377\000h\000e\000l\000p}{section.4}% 17
\BOOKMARK [1][-]{section.5}{\376\377\000D\000i\000s\000e\000\361\000o\000\040\000d\000e\000l\000\040\000p\000r\000o\000g\000r\000a\000m\000a\000\040\000\050\000a\000r\000q\000u\000i\000t\000e\000c\000t\000u\000r\000a\000\040\000g\000e\000n\000e\000r\000a\000l\000\051}{}% 18
\BOOKMARK [1][-]{section.6}{\376\377\000M\000a\000n\000e\000j\000o\000\040\000d\000e\000\040\000m\000e\000m\000o\000r\000i\000a}{}% 19
\BOOKMARK [1][-]{section.7}{\376\377\000C\000o\000n\000c\000l\000u\000s\000i\000o\000n}{}% 20
\BOOKMARK [1][-]{section*.11}{\376\377\000R\000e\000f\000e\000r\000e\000n\000c\000i\000a\000s}{}% 21
